
-----
Test: tests/test_google_maps_api.py::Test_create_place::test_create_new_place (call)
Time: 2023-05-26 15:54:22.480883
Request methodd: POST
Request URL: 


-----
Test: tests/test_google_maps_api.py::Test_create_place::test_create_new_place (call)
Time: 2023-05-26 15:54:23.040531
Request methodd: GET
Request URL: 


-----
Test: tests/test_google_maps_api.py::Test_create_place::test_create_new_place (call)
Time: 2023-05-26 15:54:24.336741
Request methodd: PUT
Request URL: 


-----
Test: tests/test_google_maps_api.py::Test_create_place::test_create_new_place (call)
Time: 2023-05-26 15:54:25.908348
Request methodd: GET
Request URL: 


-----
Test: tests/test_google_maps_api.py::Test_create_place::test_create_new_place (call)
Time: 2023-05-26 15:54:27.071766
Request methodd: DELETE
Request URL: 


-----
Test: tests/test_google_maps_api.py::Test_create_place::test_create_new_place (call)
Time: 2023-05-26 15:54:28.667490
Request methodd: GET
Request URL: 

