
-----
Test: tests/test_google_maps_api.py::Test_create_place::test_create_new_place (call)
Time: 2023-05-22 21:36:57.964107
Request methodd: POST
Request URL: 


-----
Test: tests/test_google_maps_api.py::Test_create_place::test_create_new_place (call)
Time: 2023-05-22 21:36:58.528081
Request methodd: GET
Request URL: 


-----
Test: tests/test_google_maps_api.py::Test_create_place::test_create_new_place (call)
Time: 2023-05-22 21:36:59.810465
Request methodd: PUT
Request URL: 


-----
Test: tests/test_google_maps_api.py::Test_create_place::test_create_new_place (call)
Time: 2023-05-22 21:37:01.345226
Request methodd: GET
Request URL: 

