
-----
Test: tests/test_google_maps_api.py::Test_create_place::test_create_new_place (call)
Time: 2023-05-29 22:23:40.524323
Request methodd: POST
Request URL: 


-----
Test: tests/test_google_maps_api.py::Test_create_place::test_create_new_place (call)
Time: 2023-05-29 22:23:41.168015
Request methodd: GET
Request URL: 


-----
Test: tests/test_google_maps_api.py::Test_create_place::test_create_new_place (call)
Time: 2023-05-29 22:23:42.525918
Request methodd: PUT
Request URL: 


-----
Test: tests/test_google_maps_api.py::Test_create_place::test_create_new_place (call)
Time: 2023-05-29 22:23:44.124060
Request methodd: GET
Request URL: 


-----
Test: tests/test_google_maps_api.py::Test_create_place::test_create_new_place (call)
Time: 2023-05-29 22:23:45.412405
Request methodd: DELETE
Request URL: 


-----
Test: tests/test_google_maps_api.py::Test_create_place::test_create_new_place (call)
Time: 2023-05-29 22:23:47.012618
Request methodd: GET
Request URL: 

