
-----
Test: tests/test_google_maps_api.py::Test_create_place::test_create_new_place (call)
Time: 2023-05-29 22:22:27.549043
Request methodd: POST
Request URL: 


-----
Test: tests/test_google_maps_api.py::Test_create_place::test_create_new_place (call)
Time: 2023-05-29 22:22:28.747940
Request methodd: GET
Request URL: 


-----
Test: tests/test_google_maps_api.py::Test_create_place::test_create_new_place (call)
Time: 2023-05-29 22:22:30.111041
Request methodd: PUT
Request URL: 


-----
Test: tests/test_google_maps_api.py::Test_create_place::test_create_new_place (call)
Time: 2023-05-29 22:22:31.807580
Request methodd: GET
Request URL: 


-----
Test: tests/test_google_maps_api.py::Test_create_place::test_create_new_place (call)
Time: 2023-05-29 22:22:33.046880
Request methodd: DELETE
Request URL: 


-----
Test: tests/test_google_maps_api.py::Test_create_place::test_create_new_place (call)
Time: 2023-05-29 22:22:34.680269
Request methodd: GET
Request URL: 

